<?xml version="1.0" encoding="utf-8"?>
<coverage line-rate="0.6843" branch-rate="0.6435" version="1.9" timestamp="1783372458" lines-covered="2773" lines-valid="4052" branches-covered="1278" branches-valid="1986">
  <sources>
    <source>C:\Users\david\Desktop\2026_Analysis_Mzinga\Mzinga\src\Mzinga\</source>
  </sources>
  <packages>
    <package name="Mzinga" line-rate="0.6843" branch-rate="0.6435" complexity="2186">
      <classes>
        <class name="Mzinga.AppInfo" filename="AppInfo.cs" line-rate="0" branch-rate="0" complexity="35">
          <methods>
            <method name="get_Assembly" signature="()" line-rate="0" branch-rate="0" complexity="4">
              <lines>
                <line number="14" hits="0" branch="True" condition-coverage="0% (0/4)">
                  <conditions>
                    <condition number="6" type="jump" coverage="0%" />
                    <condition number="15" type="jump" coverage="0%" />
                  </conditions>
                </line>
              </lines>
            </method>
            <method name="get_Name" signature="()" line-rate="0" branch-rate="0" complexity="4">
              <lines>
                <line number="17" hits="0" branch="True" condition-coverage="0% (0/4)">
                  <conditions>
                    <condition number="6" type="jump" coverage="0%" />
                    <condition number="25" type="jump" coverage="0%" />
                  </conditions>
                </line>
              </lines>
            </method>
            <method name="get_Version" signature="()" line-rate="0" branch-rate="0" complexity="4">
              <lines>
                <line number="23" hits="0" branch="False" />
                <line number="24" hits="0" branch="True" condition-coverage="0% (0/2)">
                  <conditions>
                    <condition number="11" type="jump" coverage="0%" />
                  </conditions>
                </line>
                <line number="25" hits="0" branch="False" />
                <line number="26" hits="0" branch="False" />
                <line number="27" hits="0" branch="True" condition-coverage="0% (0/2)">
                  <conditions>
                    <condition number="31" type="jump" coverage="0%" />
                  </conditions>
                </line>
                <line number="28" hits="0" branch="False" />
                <line number="29" hits="0" branch="False" />
                <line number="30" hits="0" branch="False" />
              </lines>
            </method>
            <method name="get_LongVersion" signature="()" line-rate="0" branch-rate="0" complexity="2">
              <lines>
                <line number="38" hits="0" branch="False" />
                <line number="39" hits="0" branch="True" condition-coverage="0% (0/2)">
                  <conditions>
                    <condition number="16" type="jump" coverage="0%" />
                  </conditions>
                </line>
                <line number="40" hits="0" branch="False" />
                <line number="41" hits="0" branch="False" />
                <line number="42" hits="0" branch="False" />
                <line number="43" hits="0" branch="False" />
                <line number="44" hits="0" branch="False" />
              </lines>
            </method>
            <method name="get_Product" signature="()" line-rate="0" branch-rate="0" complexity="6">
              <lines>
                <line number="48" hits="0" branch="True" condition-coverage="0% (0/6)">
                  <conditions>
                    <condition number="6" type="jump" coverage="0%" />
                    <condition number="20" type="jump" coverage="0%" />
                    <condition number="32" type="jump" coverage="0%" />
                  </conditions>
                </line>
              </lines>
            </method>
            <method name="get_Copyright" signature="()" line-rate="0" branch-rate="0" complexity="6">
              <lines>
                <line number="51" hits="0" branch="True" condition-coverage="0% (0/6)">
                  <conditions>
                    <condition number="6" type="jump" coverage="0%" />
                    <condition number="20" type="jump" coverage="0%" />
                    <condition number="32" type="jump" coverage="0%" />
                  </conditions>
                </line>
              </lines>
            </method>
            <method name="get_EntryAssemblyPath" signature="()" line-rate="0" branch-rate="0" complexity="6">
              <lines>
                <line number="60" hits="0" branch="True" condition-coverage="0% (0/6)">
                  <conditions>
                    <condition number="6" type="jump" coverage="0%" />
                    <condition number="20" type="jump" coverage="0%" />
                    <condition number="37" type="jump" coverage="0%" />
                  </conditions>
                </line>
              </lines>
            </method>
            <method name="get_MitLicenseBody" signature="()" line-rate="0" branch-rate="1" complexity="1">
              <lines>
                <line number="72" hits="0" branch="False" />
              </lines>
            </method>
            <method name="get_FormattedLicensesText" signature="()" line-rate="0" branch-rate="1" complexity="1">
              <lines>
                <line number="80" hits="0" branch="False" />
                <line number="81" hits="0" branch="False" />
                <line number="82" hits="0" branch="False" />
                <line number="83" hits="0" branch="False" />
              </lines>
            </method>
            <method name=".cctor" signature="()" line-rate="0" branch-rate="1" complexity="1">
              <lines>
                <line number="15" hits="0" branch="False" />
                <line number="18" hits="0" branch="False" />
                <line number="33" hits="0" branch="False" />
                <line number="49" hits="0" branch="False" />
                <line number="52" hits="0" branch="False" />
                <line number="54" hits="0" branch="False" />
                <line number="56" hits="0" branch="False" />
                <line number="58" hits="0" branch="False" />
                <line number="61" hits="0" branch="False" />
                <line number="64" hits="0" branch="False" />
                <line number="66" hits="0" branch="False" />
                <line number="68" hits="0" branch="False" />
                <line number="70" hits="0" branch="False" />
                <line number="74" hits="0" branch="False" />
                <line number="75" hits="0" branch="False" />
                <line number="76" hits="0" branch="False" />
                <line number="77" hits="0" branch="False" />
                <line number="78" hits="0" branch="False" />
              </lines>
            </method>
          </methods>
          <lines>
            <line number="14" hits="0" branch="True" condition-coverage="0% (0/4)">
              <conditions>
                <condition number="6" type="jump" coverage="0%" />
                <condition number="15" type="jump" coverage="0%" />
              </conditions>
            </line>
            <line number="17" hits="0" branch="True" condition-coverage="0% (0/4)">
              <conditions>
                <condition number="6" type="jump" coverage="0%" />
                <condition number="25" type="jump" coverage="0%" />
              </conditions>
            </line>
            <line number="23" hits="0" branch="False" />
            <line number="24" hits="0" branch="True" condition-coverage="0% (0/2)">
              <conditions>
                <condition number="11" type="jump" coverage="0%" />
              </conditions>
            </line>
            <line number="25" hits="0" branch="False" />
            <line number="26" hits="0" branch="False" />
            <line number="27" hits="0" branch="True" condition-coverage="0% (0/2)">
              <conditions>
                <condition number="31" type="jump" coverage="0%" />
              </conditions>
            </line>
            <line number="28" hits="0" branch="False" />
            <line number="29" hits="0" branch="False" />
            <line number="30" hits="0" branch="False" />
            <line number="38" hits="0" branch="False" />
            <line number="39" hits="0" branch="True" condition-coverage="0% (0/2)">
              <conditions>
                <condition number="16" type="jump" coverage="0%" />
              </conditions>
            </line>
            <line number="40" hits="0" branch="False" />
            <line number="41" hits="0" branch="False" />
            <line number="42" hits="0" branch="False" />
            <line number="43" hits="0" branch="False" />
            <line number="44" hits="0" branch="False" />
            <line number="48" hits="0" branch="True" condition-coverage="0% (0/6)">
              <conditions>
                <condition number="6" type="jump" coverage="0%" />
                <condition number="20" type="jump" coverage="0%" />
                <condition number="32" type="jump" coverage="0%" />
              </conditions>
            </line>
            <line number="51" hits="0" branch="True" condition-coverage="0% (0/6)">
              <conditions>
                <condition number="6" type="jump" coverage="0%" />
                <condition number="20" type="jump" coverage="0%" />
                <condition number="32" type="jump" coverage="0%" />
              </conditions>
            </line>
            <line number="60" hits="0" branch="True" condition-coverage="0% (0/6)">
              <conditions>
                <condition number="6" type="jump" coverage="0%" />
                <condition number="20" type="jump" coverage="0%" />
                <condition number="37" type="jump" coverage="0%" />
              </conditions>
            </line>
            <line number="72" hits="0" branch="False" />
            <line number="80" hits="0" branch="False" />
            <line number="81" hits="0" branch="False" />
            <line number="82" hits="0" branch="False" />
            <line number="83" hits="0" branch="False" />
            <line number="15" hits="0" branch="False" />
            <line number="18" hits="0" branch="False" />
            <line number="33" hits="0" branch="False" />
            <line number="49" hits="0" branch="False" />
            <line number="52" hits="0" branch="False" />
            <line number="54" hits="0" branch="False" />
            <line number="56" hits="0" branch="False" />
            <line number="58" hits="0" branch="False" />
            <line number="61" hits="0" branch="False" />
            <line number="64" hits="0" branch="False" />
            <line number="66" hits="0" branch="False" />
            <line number="68" hits="0" branch="False" />
            <line number="70" hits="0" branch="False" />
            <line number="74" hits="0" branch="False" />
            <line number="75" hits="0" branch="False" />
            <line number="76" hits="0" branch="False" />
            <line number="77" hits="0" branch="False" />
            <line number="78" hits="0" branch="False" />
          </lines>
        </class>
        <class name="Mzinga.AssemblyUtils" filename="AssemblyUtils.cs" line-rate="0.4814" branch-rate="0.3333" complexity="12">
          <methods>
            <method name="GetEmbeddedResource" signature="(System.String)" line-rate="0.7646999999999999" branch-rate="0.5" complexity="8">
              <lines>
                <line number="14" hits="101" branch="False" />
                <line number="15" hits="101" branch="False" />
                <line number="16" hits="101" branch="True" condition-coverage="50% (1/2)">
                  <conditions>
                    <condition number="23" type="jump" coverage="50%" />
                  </conditions>
                </line>
                <line number="17" hits="101" branch="False" />
                <line number="18" hits="404" branch="True" condition-coverage="50% (1/2)">
                  <conditions>
                    <condition number="97" type="jump" coverage="50%" />
                  </conditions>
                </line>
                <line number="19" hits="101" branch="False" />
                <line number="20" hits="101" branch="True" condition-coverage="50% (1/2)">
                  <conditions>
                    <condition number="56" type="jump" coverage="50%" />
                  </conditions>
                </line>
                <line number="21" hits="101" branch="False" />
                <line number="22" hits="101" branch="False" />
                <line number="23" hits="101" branch="True" condition-coverage="50% (1/2)">
                  <conditions>
                    <condition number="78" type="jump" coverage="50%" />
                  </conditions>
                </line>
                <line number="24" hits="101" branch="False" />
                <line number="25" hits="101" branch="False" />
                <line number="27" hits="0" branch="False" />
                <line number="28" hits="0" branch="False" />
                <line number="29" hits="0" branch="False" />
                <line number="31" hits="0" branch="False" />
                <line number="32" hits="101" branch="False" />
              </lines>
            </method>
            <method name="GetEmbeddedMarkdownText" signature="(System.String,System.Boolean)" line-rate="0" branch-rate="0" complexity="4">
              <lines>
                <line number="35" hits="0" branch="False" />
                <line number="36" hits="0" branch="False" />
                <line number="38" hits="0" branch="False" />
                <line number="39" hits="0" branch="False" />
                <line number="41" hits="0" branch="True" condition-coverage="0% (0/4)">
                  <conditions>
                    <condition number="23" type="jump" coverage="0%" />
                    <condition number="41" type="jump" coverage="0%" />
                  </conditions>
                </line>
                <line number="42" hits="0" branch="False" />
                <line number="43" hits="0" branch="False" />
                <line number="44" hits="0" branch="False" />
                <line number="46" hits="0" branch="False" />
                <line number="47" hits="0" branch="False" />
              </lines>
            </method>
          </methods>
          <lines>
            <line number="14" hits="101" branch="False" />
            <line number="15" hits="101" branch="False" />
            <line number="16" hits="101" branch="True" condition-coverage="50% (1/2)">
              <conditions>
                <condition number="23" type="jump" coverage="50%" />
              </conditions>
            </line>
            <line number="17" hits="101" branch="False" />
            <line number="18" hits="404" branch="True" condition-coverage="50% (1/2)">
              <conditions>
                <condition number="97" type="jump" coverage="50%" />
              </conditions>
            </line>
            <line number="19" hits="101" branch="False" />
            <line number="20" hits="101" branch="True" condition-coverage="50% (1/2)">
              <conditions>
                <condition number="56" type="jump" coverage="50%" />
              </conditions>
            </line>
            <line number="21" hits="101" branch="False" />
            <line number="22" hits="101" branch="False" />
            <line number="23" hits="101" branch="True" condition-coverage="50% (1/2)">
              <conditions>
                <condition number="78" type="jump" coverage="50%" />
              </conditions>
            </line>
            <line number="24" hits="101" branch="False" />
            <line number="25" hits="101" branch="False" />
            <line number="27" hits="0" branch="False" />
            <line number="28" hits="0" branch="False" />
            <line number="29" hits="0" branch="False" />
            <line number="31" hits="0" branch="False" />
            <line number="32" hits="101" branch="False" />
            <line number="35" hits="0" branch="False" />
            <line number="36" hits="0" branch="False" />
            <line number="38" hits="0" branch="False" />
            <line number="39" hits="0" branch="False" />
            <line number="41" hits="0" branch="True" condition-coverage="0% (0/4)">
              <conditions>
                <condition number="23" type="jump" coverage="0%" />
                <condition number="41" type="jump" coverage="0%" />
              </conditions>
            </line>
            <line number="42" hits="0" branch="False" />
            <line number="43" hits="0" branch="False" />
            <line number="44" hits="0" branch="False" />
            <line number="46" hits="0" branch="False" />
            <line number="47" hits="0" branch="False" />
          </lines>
        </class>
        <class name="Mzinga.ListExtensions/&lt;GetEnumerableByOrderType&gt;d__0`1" filename="ListExtensions.cs" line-rate="1" branch-rate="1" complexity="14">
          <methods>
            <method name="MoveNext" signature="()" line-rate="1" branch-rate="1" complexity="14">
              <lines>
                <line number="11" hits="287559" branch="False" />
                <line number="12" hits="287559" branch="True" condition-coverage="100% (4/4)">
                  <conditions>
                    <condition number="40" type="jump" coverage="100%" />
                    <condition number="54" type="jump" coverage="100%" />
                  </conditions>
                </line>
                <line number="14" hits="287559" branch="False" />
                <line number="15" hits="1664847" branch="True" condition-coverage="100% (2/2)">
                  <conditions>
                    <condition number="249" type="jump" coverage="100%" />
                  </conditions>
                </line>
                <line number="16" hits="1647746" branch="False" />
                <line number="17" hits="1647746" branch="False" />
                <line number="19" hits="1377288" branch="False" />
                <line number="21" hits="1377288" branch="True" condition-coverage="100% (2/2)">
                  <conditions>
                    <condition number="146" type="jump" coverage="100%" />
                  </conditions>
                </line>
                <line number="23" hits="1377288" branch="True" condition-coverage="100% (4/4)">
                  <conditions>
                    <condition number="175" type="jump" coverage="100%" />
                    <condition number="204" type="jump" coverage="100%" />
                  </conditions>
                </line>
                <line number="24" hits="2214" branch="False" />
                <line number="25" hits="2214" branch="True" condition-coverage="100% (2/2)">
                  <conditions>
                    <condition number="215" type="jump" coverage="100%" />
                  </conditions>
                </line>
                <line number="26" hits="2214" branch="False" />
                <line number="27" hits="1377288" branch="False" />
                <line number="28" hits="17101" branch="False" />
              </lines>
            </method>
          </methods>
          <lines>
            <line number="11" hits="287559" branch="False" />
            <line number="12" hits="287559" branch="True" condition-coverage="100% (4/4)">
              <conditions>
                <condition number="40" type="jump" coverage="100%" />
                <condition number="54" type="jump" coverage="100%" />
              </conditions>
            </line>
            <line number="14" hits="287559" branch="False" />
            <line number="15" hits="1664847" branch="True" condition-coverage="100% (2/2)">
              <conditions>
                <condition number="249" type="jump" coverage="100%" />
              </conditions>
            </line>
            <line number="16" hits="1647746" branch="False" />
            <line number="17" hits="1647746" branch="False" />
            <line number="19" hits="1377288" branch="False" />
            <line number="21" hits="1377288" branch="True" condition-coverage="100% (2/2)">
              <conditions>
                <condition number="146" type="jump" coverage="100%" />
              </conditions>
            </line>
            <line number="23" hits="1377288" branch="True" condition-coverage="100% (4/4)">
              <conditions>
                <condition number="175" type="jump" coverage="100%" />
                <condition number="204" type="jump" coverage="100%" />
              </conditions>
            </line>
            <line number="24" hits="2214" branch="False" />
            <line number="25" hits="2214" branch="True" condition-coverage="100% (2/2)">
              <conditions>
                <condition number="215" type="jump" coverage="100%" />
              </conditions>
            </line>
            <line number="26" hits="2214" branch="False" />
            <line number="27" hits="1377288" branch="False" />
            <line number="28" hits="17101" branch="False" />
          </lines>
        </class>
        <class name="Mzinga.VersionUtils" filename="VersionUtils.cs" line-rate="0" branch-rate="0" complexity="3">
          <methods>
            <method name="ParseLongVersion" signature="(System.String)" line-rate="0" branch-rate="0" complexity="2">
              <lines>
                <line number="11" hits="0" branch="False" />
                <line number="12" hits="0" branch="False" />
                <line number="14" hits="0" branch="False" />
                <line number="16" hits="0" branch="True" condition-coverage="0% (0/2)">
                  <conditions>
                    <condition number="67" type="jump" coverage="0%" />
                  </conditions>
                </line>
                <line number="17" hits="0" branch="False" />
                <line number="18" hits="0" branch="False" />
                <line number="19" hits="0" branch="False" />
                <line number="21" hits="0" branch="False" />
                <line number="22" hits="0" branch="False" />
              </lines>
            </method>
            <method name="TryParseLongVersion" signature="(System.String,System.UInt64&amp;)" line-rate="0" branch-rate="1" complexity="1">
              <lines>
                <line number="25" hits="0" branch="False" />
                <line number="27" hits="0" branch="False" />
                <line number="28" hits="0" branch="False" />
                <line number="29" hits="0" branch="False" />
                <line number="31" hits="0" branch="False" />
                <line number="33" hits="0" branch="False" />
                <line number="34" hits="0" branch="False" />
                <line number="35" hits="0" branch="False" />
              </lines>
            </method>
          </methods>
          <lines>
            <line number="11" hits="0" branch="False" />
            <line number="12" hits="0" branch="False" />
            <line number="14" hits="0" branch="False" />
            <line number="16" hits="0" branch="True" condition-coverage="0% (0/2)">
              <conditions>
                <condition number="67" type="jump" coverage="0%" />
              </conditions>
            </line>
            <line number="17" hits="0" branch="False" />
            <line number="18" hits="0" branch="False" />
            <line number="19" hits="0" branch="False" />
            <line number="21" hits="0" branch="False" />
            <line number="22" hits="0" branch="False" />
            <line number="25" hits="0" branch="False" />
            <line number="27" hits="0" branch="False" />
            <line number="28" hits="0" branch="False" />
            <line number="29" hits="0" branch="False" />
            <line number="31" hits="0" branch="False" />
            <line number="33" hits="0" branch="False" />
            <line number="34" hits="0" branch="False" />
            <line number="35" hits="0" branch="False" />
          </lines>
        </class>
        <class name="Mzinga.Engine.Engine" filename="Engine\Engine.cs" line-rate="0" branch-rate="0" complexity="361">
          <methods>
            <method name="get_ID" signature="()" line-rate="0" branch-rate="1" complexity="1">
              <lines>
                <line number="17" hits="0" branch="False" />
              </lines>
            </method>
            <method name="get_Config" signature="()" line-rate="0" branch-rate="1" complexity="1">
              <lines>
                <line number="19" hits="0" branch="False" />
              </lines>
            </method>
            <method name="get_DefaultConfig" signature="()" line-rate="0" branch-rate="1" complexity="1">
              <lines>
                <line number="21" hits="0" branch="False" />
              </lines>
            </method>
            <method name="get_ConsoleOut" signature="()" line-rate="0" branch-rate="1" complexity="1">
              <lines>
                <line number="23" hits="0" branch="False" />
              </lines>
            </method>
            <method name="get_LicensesText" signature="()" line-rate="0" branch-rate="1" complexity="1">
              <lines>
                <line number="25" hits="0" branch="False" />
              </lines>
            </method>
            <method name="get_ExitRequested" signature="()" line-rate="0" branch-rate="1" complexity="1">
              <lines>
                <line number="27" hits="0" branch="False" />
              </lines>
            </method>
            <method name="InitAI" signature="()" line-rate="0" branch-rate="0" complexity="2">
              <lines>
                <line number="56" hits="0" branch="False" />
                <line number="57" hits="0" branch="True" condition-coverage="0% (0/2)">
                  <conditions>
                    <condition number="15" type="jump" coverage="0%" />
                  </conditions>
                </line>
                <line number="58" hits="0" branch="False" />
                <line number="60" hits="0" branch="False" />
                <line number="61" hits="0" branch="False" />
              </lines>
            </method>
            <method name="ResetAI" signature="(System.Boolean)" line-rate="0" branch-rate="0" complexity="4">
              <lines>
                <line number="64" hits="0" branch="False" />
                <line number="65" hits="0" branch="True" condition-coverage="0% (0/2)">
                  <conditions>
                    <condition number="15" type="jump" coverage="0%" />
                  </conditions>
                </line>
                <line number="66" hits="0" branch="False" />
                <line number="67" hits="0" branch="True" condition-coverage="0% (0/2)">
                  <conditions>
                    <condition number="21" type="jump" coverage="0%" />
                  </conditions>
                </line>
                <line number="68" hits="0" branch="False" />
                <line number="69" hits="0" branch="False" />
                <line number="70" hits="0" branch="False" />
                <line number="71" hits="0" branch="False" />
                <line number="72" hits="0" branch="False" />
                <line number="73" hits="0" branch="False" />
              </lines>
            </method>
            <method name="OnBestMoveFound" signature="(System.Object,Mzinga.Core.AI.BestMoveFoundEventArgs)" line-rate="0" branch-rate="0" complexity="10">
              <lines>
                <line number="76" hits="0" branch="False" />
                <line number="77" hits="0" branch="True" condition-coverage="0% (0/6)">
                  <conditions>
                    <condition number="7" type="jump" coverage="0%" />
                    <condition number="17" type="jump" coverage="0%" />
                    <condition number="35" type="jump" coverage="0%" />
                  </conditions>
                </line>
                <line number="78" hits="0" branch="False" />
                <line number="79" hits="0" branch="False" />
                <line number="80" hits="0" branch="False" />
                <line number="82" hits="0" branch="True" condition-coverage="0% (0/2)">
                  <conditions>
                    <condition number="131" type="jump" coverage="0%" />
                  </conditions>
                </line>
                <line number="83" hits="0" branch="False" />
                <line number="84" hits="0" branch="False" />
                <line number="85" hits="0" branch="True" condition-coverage="0% (0/2)">
                  <conditions>
                    <condition number="231" type="jump" coverage="0%" />
                  </conditions>
                </line>
                <line number="86" hits="0" branch="False" />
                <line number="87" hits="0" branch="False" />
                <line number="88" hits="0" branch="False" />
                <line number="89" hits="0" branch="False" />
                <line number="90" hits="0" branch="False" />
                <line number="91" hits="0" branch="False" />
                <line number="92" hits="0" branch="False" />
                <line number="94" hits="0" branch="False" />
                <line number="95" hits="0" branch="False" />
                <line number="96" hits="0" branch="False" />
              </lines>
            </method>
            <method name="TryCancelAsyncCommand" signature="()" line-rate="0" branch-rate="0" complexity="2">
              <lines>
                <line number="99" hits="0" branch="False" />
                <line number="100" hits="0" branch="True" condition-coverage="0% (0/2)">
                  <conditions>
                    <condition number="8" type="jump" coverage="0%" />
                  </conditions>
                </line>
                <line number="101" hits="0" branch="False" />
              </lines>
            </method>
            <method name="ParseCommand" signature="(System.String)" line-rate="0" branch-rate="0" complexity="104">
              <lines>
                <line number="104" hits="0" branch="False" />
                <line number="105" hits="0" branch="True" condition-coverage="0% (0/2)">
                  <conditions>
                    <condition number="9" type="jump" coverage="0%" />
                  </conditions>
                </line>
                <line number="106" hits="0" branch="False" />
                <line number="107" hits="0" branch="False" />
                <line number="110" hits="0" branch="True" condition-coverage="0% (0/2)">
                  <conditions>
                    <condition number="31" type="jump" coverage="0%" />
                  </conditions>
                </line>
                <line number="111" hits="0" branch="False" />
                <line number="112" hits="0" branch="False" />
                <line number="115" hits="0" branch="False" />
                <line number="118" hits="0" branch="False" />
                <line number="119" hits="0" branch="False" />
                <line number="121" hits="0" branch="False" />
                <line number="123" hits="0" branch="True" condition-coverage="0% (0/66)">
                  <conditions>
                    <condition number="103" type="jump" coverage="0%" />
                    <condition number="112" type="jump" coverage="0%" />
                    <condition number="121" type="jump" coverage="0%" />
                    <condition number="135" type="jump" coverage="0%" />
                    <condition number="166" type="jump" coverage="0%" />
                    <condition number="175" type="jump" coverage="0%" />
                    <condition number="206" type="jump" coverage="0%" />
                    <condition number="237" type="jump" coverage="0%" />
                    <condition number="246" type="jump" coverage="0%" />
                    <condition number="260" type="jump" coverage="0%" />
                    <condition number="291" type="jump" coverage="0%" />
                    <condition number="300" type="jump" coverage="0%" />
                    <condition number="331" type="jump" coverage="0%" />
                    <condition number="189" type="jump" coverage="0%" />
                    <condition number="274" type="jump" coverage="0%" />
                    <condition number="220" type="jump" coverage="0%" />
                    <condition number="345" type="jump" coverage="0%" />
                    <condition number="149" type="jump" coverage="0%" />
                    <condition number="314" type="jump" coverage="0%" />
                    <condition number="367" type="jump" coverage="0%" />
                    <condition number="389" type="jump" coverage="0%" />
                    <condition number="411" type="jump" coverage="0%" />
                    <condition number="433" type="jump" coverage="0%" />
                    <condition number="455" type="jump" coverage="0%" />
                    <condition number="477" type="jump" coverage="0%" />
                    <condition number="499" type="jump" coverage="0%" />
                    <condition number="521" type="jump" coverage="0%" />
                    <condition number="543" type="jump" coverage="0%" />
                    <condition number="565" type="jump" coverage="0%" />
                    <condition number="587" type="jump" coverage="0%" />
                    <condition number="609" type="jump" coverage="0%" />
                    <condition number="631" type="jump" coverage="0%" />
                    <condition number="653" type="jump" coverage="0%" />
                  </conditions>
                </line>
                <line number="126" hits="0" branch="False" />
                <line number="127" hits="0" branch="False" />
                <line number="130" hits="0" branch="True" condition-coverage="0% (0/2)">
                  <conditions>
                    <condition number="684" type="jump" coverage="0%" />
                  </conditions>
                </line>
                <line number="131" hits="0" branch="False" />
                <line number="132" hits="0" branch="False" />
                <line number="133" hits="0" branch="False" />
                <line number="135" hits="0" branch="False" />
                <line number="136" hits="0" branch="False" />
                <line number="137" hits="0" branch="False" />
                <line number="138" hits="0" branch="False" />
                <line number="140" hits="0" branch="True" condition-coverage="0% (0/2)">
                  <conditions>
                    <condition number="724" type="jump" coverage="0%" />
                  </conditions>
                </line>
                <line number="141" hits="0" branch="False" />
                <line number="142" hits="0" branch="False" />
                <line number="143" hits="0" branch="False" />
                <line number="144" hits="0" branch="True" condition-coverage="0% (0/2)">
                  <conditions>
                    <condition number="752" type="jump" coverage="0%" />
                  </conditions>
                </line>
                <line number="145" hits="0" branch="False" />
                <line number="146" hits="0" branch="False" />
                <line number="147" hits="0" branch="False" />
                <line number="149" hits="0" branch="False" />
                <line number="150" hits="0" branch="False" />
                <line number="151" hits="0" branch="False" />
                <line number="152" hits="0" branch="False" />
                <line number="154" hits="0" branch="True" condition-coverage="0% (0/2)">
                  <conditions>
                    <condition number="804" type="jump" coverage="0%" />
                  </conditions>
                </line>
                <line number="155" hits="0" branch="False" />
                <line number="156" hits="0" branch="False" />
                <line number="159" hits="0" branch="False" />
                <line number="160" hits="0" branch="False" />
                <line number="161" hits="0" branch="False" />
                <line number="162" hits="0" branch="False" />
                <line number="164" hits="0" branch="False" />
                <line number="165" hits="0" branch="False" />
                <line number="167" hits="0" branch="False" />
                <line number="168" hits="0" branch="False" />
                <line number="170" hits="0" branch="True" condition-coverage="0% (0/2)">
                  <conditions>
                    <condition number="874" type="jump" coverage="0%" />
                  </conditions>
                </line>
                <line number="171" hits="0" branch="False" />
                <line number="172" hits="0" branch="False" />
                <line number="173" hits="0" branch="False" />
                <line number="174" hits="0" branch="True" condition-coverage="0% (0/4)">
                  <conditions>
                    <condition number="890" type="jump" coverage="0%" />
                    <condition number="917" type="jump" coverage="0%" />
                  </conditions>
                </line>
                <line number="175" hits="0" branch="False" />
                <line number="176" hits="0" branch="False" />
                <line number="177" hits="0" branch="False" />
                <line number="178" hits="0" branch="True" condition-coverage="0% (0/4)">
                  <conditions>
                    <condition number="941" type="jump" coverage="0%" />
                    <condition number="968" type="jump" coverage="0%" />
                  </conditions>
                </line>
                <line number="179" hits="0" branch="False" />
                <line number="180" hits="0" branch="False" />
                <line number="181" hits="0" branch="False" />
                <line number="183" hits="0" branch="False" />
                <line number="184" hits="0" branch="False" />
                <line number="186" hits="0" branch="False" />
                <line number="188" hits="0" branch="True" condition-coverage="0% (0/2)">
                  <conditions>
                    <condition number="1010" type="jump" coverage="0%" />
                  </conditions>
                </line>
                <line number="189" hits="0" branch="False" />
                <line number="190" hits="0" branch="False" />
                <line number="191" hits="0" branch="False" />
                <line number="193" hits="0" branch="False" />
                <line number="194" hits="0" branch="False" />
                <line number="195" hits="0" branch="False" />
                <line number="196" hits="0" branch="False" />
                <line number="198" hits="0" branch="True" condition-coverage="0% (0/2)">
                  <conditions>
                    <condition number="1055" type="jump" coverage="0%" />
                  </conditions>
                </line>
                <line number="199" hits="0" branch="False" />
                <line number="200" hits="0" branch="False" />
                <line number="201" hits="0" branch="False" />
                <line number="202" hits="0" branch="True" condition-coverage="0% (0/4)">
                  <conditions>
                    <condition number="1071" type="jump" coverage="0%" />
                    <condition number="1098" type="jump" coverage="0%" />
                  </conditions>
                </line>
                <line number="203" hits="0" branch="False" />
                <line number="204" hits="0" branch="False" />
                <line number="205" hits="0" branch="False" />
                <line number="206" hits="0" branch="True" condition-coverage="0% (0/4)">
                  <conditions>
                    <condition number="1117" type="jump" coverage="0%" />
                    <condition number="1144" type="jump" coverage="0%" />
                  </conditions>
                </line>
                <line number="207" hits="0" branch="False" />
                <line number="208" hits="0" branch="False" />
                <line number="209" hits="0" branch="False" />
                <line number="211" hits="0" branch="False" />
                <line number="212" hits="0" branch="False" />
                <line number="214" hits="0" branch="False" />
                <line number="216" hits="0" branch="False" />
                <line number="217" hits="0" branch="False" />
                <line number="219" hits="0" branch="True" condition-coverage="0% (0/2)">
                  <conditions>
                    <condition number="1190" type="jump" coverage="0%" />
                  </conditions>
                </line>
                <line number="220" hits="0" branch="False" />
                <line number="221" hits="0" branch="False" />
                <line number="222" hits="0" branch="False" />
                <line number="224" hits="0" branch="False" />
                <line number="225" hits="0" branch="False" />
                <line number="226" hits="0" branch="False" />
                <line number="227" hits="0" branch="False" />
                <line number="229" hits="0" branch="False" />
                <line number="230" hits="0" branch="False" />
                <line number="233" hits="0" branch="False" />
                <line number="234" hits="0" branch="False" />
                <line number="237" hits="0" branch="False" />
                <line number="239" hits="0" branch="False" />
                <line number="240" hits="0" branch="False" />
                <line number="241" hits="0" branch="False" />
                <line number="242" hits="0" branch="False" />
                <line number="243" hits="0" branch="False" />
                <line number="244" hits="0" branch="False" />
                <line number="245" hits="0" branch="False" />
                <line number="246" hits="0" branch="False" />
                <line number="247" hits="0" branch="True" condition-coverage="0% (0/2)">
                  <conditions>
                    <condition number="1354" type="jump" coverage="0%" />
                  </conditions>
                </line>
                <line number="248" hits="0" branch="False" />
                <line number="249" hits="0" branch="False" />
                <line number="250" hits="0" branch="False" />
                <line number="251" hits="0" branch="False" />
                <line number="252" hits="0" branch="False" />
                <line number="253" hits="0" branch="False" />
                <line number="254" hits="0" branch="False" />
                <line number="255" hits="0" branch="False" />
                <line number="257" hits="0" branch="False" />
                <line number="259" hits="0" branch="False" />
                <line number="260" hits="0" branch="False" />
              </lines>
            </method>
            <method name="ErrorOut" signature="(System.Exception)" line-rate="0" branch-rate="0" complexity="4">
              <lines>
                <line number="263" hits="0" branch="False" />
                <line number="264" hits="0" branch="False" />
                <line number="266" hits="0" branch="True" condition-coverage="0% (0/2)">
                  <conditions>
                    <condition number="62" type="jump" coverage="0%" />
                  </conditions>
                </line>
                <line number="267" hits="0" branch="False" />
                <line number="268" hits="0" branch="False" />
                <line number="269" hits="0" branch="False" />
                <line number="272" hits="0" branch="True" condition-coverage="0% (0/2)">
                  <conditions>
                    <condition number="103" type="jump" coverage="0%" />
                  </conditions>
                </line>
                <line number="273" hits="0" branch="False" />
                <line number="274" hits="0" branch="False" />
                <line number="275" hits="0" branch="False" />
                <line number="276" hits="0" branch="False" />
              </lines>
            </method>
            <method name="Info" signature="()" line-rate="0" branch-rate="1" complexity="1">
              <lines>
                <line number="279" hits="0" branch="False" />
                <line number="280" hits="0" branch="False" />
                <line number="281" hits="0" branch="False" />
                <line number="282" hits="0" branch="False" />
              </lines>
            </method>
            <method name="Help" signature="(System.String)" line-rate="0" branch-rate="0" complexity="68">
              <lines>
                <line number="285" hits="0" branch="False" />
                <line number="286" hits="0" branch="True" condition-coverage="0% (0/2)">
                  <conditions>
                    <condition number="9" type="jump" coverage="0%" />
                  </conditions>
                </line>
                <line number="287" hits="0" branch="False" />
                <line number="288" hits="0" branch="False" />
                <line number="289" hits="0" branch="False" />
                <line number="290" hits="0" branch="False" />
                <line number="291" hits="0" branch="False" />
                <line number="292" hits="0" branch="False" />
                <line number="293" hits="0" branch="False" />
                <line number="294" hits="0" branch="False" />
                <line number="296" hits="0" branch="False" />
                <line number="298" hits="0" branch="False" />
                <line number="299" hits="0" branch="False" />
                <line number="300" hits="0" branch="False" />
                <line number="301" hits="0" branch="False" />
                <line number="302" hits="0" branch="False" />
                <line number="304" hits="0" branch="False" />
                <line number="306" hits="0" branch="False" />
                <line number="307" hits="0" branch="False" />
                <line number="308" hits="0" branch="False" />
                <line number="311" hits="0" branch="False" />
                <line number="313" hits="0" branch="False" />
                <line number="314" hits="0" branch="False" />
                <line number="316" hits="0" branch="False" />
                <line number="318" hits="0" branch="False" />
                <line number="319" hits="0" branch="False" />
                <line number="321" hits="0" branch="False" />
                <line number="322" hits="0" branch="False" />
                <line number="324" hits="0" branch="True" condition-coverage="0% (0/66)">
                  <conditions>
                    <condition number="537" type="jump" coverage="0%" />
                    <condition number="546" type="jump" coverage="0%" />
                    <condition number="555" type="jump" coverage="0%" />
                    <condition number="569" type="jump" coverage="0%" />
                    <condition number="600" type="jump" coverage="0%" />
                    <condition number="609" type="jump" coverage="0%" />
                    <condition number="640" type="jump" coverage="0%" />
                    <condition number="671" type="jump" coverage="0%" />
                    <condition number="680" type="jump" coverage="0%" />
                    <condition number="694" type="jump" coverage="0%" />
                    <condition number="725" type="jump" coverage="0%" />
                    <condition number="734" type="jump" coverage="0%" />
                    <condition number="765" type="jump" coverage="0%" />
                    <condition number="623" type="jump" coverage="0%" />
                    <condition number="708" type="jump" coverage="0%" />
                    <condition number="654" type="jump" coverage="0%" />
                    <condition number="779" type="jump" coverage="0%" />
                    <condition number="583" type="jump" coverage="0%" />
                    <condition number="748" type="jump" coverage="0%" />
                    <condition number="800" type="jump" coverage="0%" />
                    <condition number="821" type="jump" coverage="0%" />
                    <condition number="842" type="jump" coverage="0%" />
                    <condition number="863" type="jump" coverage="0%" />
                    <condition number="884" type="jump" coverage="0%" />
                    <condition number="905" type="jump" coverage="0%" />
                    <condition number="926" type="jump" coverage="0%" />
                    <condition number="947" type="jump" coverage="0%" />
                    <condition number="968" type="jump" coverage="0%" />
                    <condition number="989" type="jump" coverage="0%" />
                    <condition number="1010" type="jump" coverage="0%" />
                    <condition number="1031" type="jump" coverage="0%" />
                    <condition number="1052" type="jump" coverage="0%" />
                    <condition number="1073" type="jump" coverage="0%" />
                  </conditions>
                </line>
                <line number="327" hits="0" branch="False" />
                <line number="328" hits="0" branch="False" />
                <line number="329" hits="0" branch="False" />
                <line number="330" hits="0" branch="False" />
                <line number="331" hits="0" branch="False" />
                <line number="334" hits="0" branch="False" />
                <line number="335" hits="0" branch="False" />
                <line number="336" hits="0" branch="False" />
                <line number="337" hits="0" branch="False" />
                <line number="339" hits="0" branch="False" />
                <line number="340" hits="0" branch="False" />
                <line number="341" hits="0" branch="False" />
                <line number="342" hits="0" branch="False" />
                <line number="343" hits="0" branch="False" />
                <line number="345" hits="0" branch="False" />
                <line number="346" hits="0" branch="False" />
                <line number="347" hits="0" branch="False" />
                <line number="348" hits="0" branch="False" />
                <line number="349" hits="0" branch="False" />
                <line number="351" hits="0" branch="False" />
                <line number="352" hits="0" branch="False" />
                <line number="353" hits="0" branch="False" />
                <line number="354" hits="0" branch="False" />
                <line number="355" hits="0" branch="False" />
                <line number="357" hits="0" branch="False" />
                <line number="358" hits="0" branch="False" />
                <line number="359" hits="0" branch="False" />
                <line number="360" hits="0" branch="False" />
                <line number="361" hits="0" branch="False" />
                <line number="363" hits="0" branch="False" />
                <line number="364" hits="0" branch="False" />
                <line number="365" hits="0" branch="False" />
                <line number="366" hits="0" branch="False" />
                <line number="367" hits="0" branch="False" />
                <line number="368" hits="0" branch="False" />
                <line number="370" hits="0" branch="False" />
                <line number="371" hits="0" branch="False" />
                <line number="372" hits="0" branch="False" />
                <line number="373" hits="0" branch="False" />
                <line number="374" hits="0" branch="False" />
                <line number="376" hits="0" branch="False" />
                <line number="377" hits="0" branch="False" />
                <line number="378" hits="0" branch="False" />
                <line number="379" hits="0" branch="False" />
                <line number="380" hits="0" branch="False" />
                <line number="381" hits="0" branch="False" />
                <line number="382" hits="0" branch="False" />
                <line number="384" hits="0" branch="False" />
                <line number="385" hits="0" branch="False" />
                <line number="386" hits="0" branch="False" />
                <line number="387" hits="0" branch="False" />
                <line number="389" hits="0" branch="False" />
                <line number="390" hits="0" branch="False" />
                <line number="391" hits="0" branch="False" />
                <line number="392" hits="0" branch="False" />
                <line number="393" hits="0" branch="False" />
                <line number="395" hits="0" branch="False" />
                <line number="396" hits="0" branch="False" />
                <line number="397" hits="0" branch="False" />
                <line number="398" hits="0" branch="False" />
                <line number="401" hits="0" branch="False" />
                <line number="402" hits="0" branch="False" />
                <line number="403" hits="0" branch="False" />
                <line number="404" hits="0" branch="False" />
                <line number="407" hits="0" branch="False" />
                <line number="409" hits="0" branch="False" />
                <line number="410" hits="0" branch="False" />
              </lines>
            </method>
            <method name="NewGame" signature="(Mzinga.Core.GameType)" line-rate="0" branch-rate="1" complexity="1">
              <lines>
                <line number="413" hits="0" branch="False" />
                <line number="414" hits="0" branch="False" />
                <line number="416" hits="0" branch="False" />
                <line number="418" hits="0" branch="False" />
                <line number="420" hits="0" branch="False" />
                <line number="421" hits="0" branch="False" />
              </lines>
            </method>
            <method name="NewGame" signature="(System.String)" line-rate="0" branch-rate="1" complexity="1">
              <lines>
                <line number="424" hits="0" branch="False" />
                <line number="425" hits="0" branch="False" />
                <line number="427" hits="0" branch="False" />
                <line number="429" hits="0" branch="False" />
                <line number="431" hits="0" branch="False" />
                <line number="433" hits="0" branch="False" />
                <line number="434" hits="0" branch="False" />
              </lines>
            </method>
            <method name="Play" signature="(System.String)" line-rate="0" branch-rate="0" complexity="6">
              <lines>
                <line number="437" hits="0" branch="False" />
                <line number="438" hits="0" branch="True" condition-coverage="0% (0/2)">
                  <conditions>
                    <condition number="12" type="jump" coverage="0%" />
                  </conditions>
                </line>
                <line number="439" hits="0" branch="False" />
                <line number="440" hits="0" branch="False" />
                <line number="443" hits="0" branch="True" condition-coverage="0% (0/2)">
                  <conditions>
                    <condition number="34" type="jump" coverage="0%" />
                  </conditions>
                </line>
                <line number="444" hits="0" branch="False" />
                <line number="445" hits="0" branch="False" />
                <line number="448" hits="0" branch="True" condition-coverage="0% (0/2)">
                  <conditions>
                    <condition number="66" type="jump" coverage="0%" />
                  </conditions>
                </line>
                <line number="449" hits="0" branch="False" />
                <line number="450" hits="0" branch="False" />
                <line number="453" hits="0" branch="False" />
                <line number="455" hits="0" branch="False" />
                <line number="457" hits="0" branch="False" />
                <line number="458" hits="0" branch="False" />
              </lines>
            </method>
            <method name="Pass" signature="()" line-rate="0" branch-rate="1" complexity="1">
              <lines>
                <line number="461" hits="0" branch="False" />
                <line number="462" hits="0" branch="False" />
                <line number="463" hits="0" branch="False" />
              </lines>
            </method>
            <method name="ValidMoves" signature="()" line-rate="0" branch-rate="0" complexity="8">
              <lines>
                <line number="466" hits="0" branch="False" />
                <line number="467" hits="0" branch="True" condition-coverage="0% (0/2)">
                  <conditions>
                    <condition number="12" type="jump" coverage="0%" />
                  </conditions>
                </line>
                <line number="468" hits="0" branch="False" />
                <line number="469" hits="0" branch="False" />
                <line number="472" hits="0" branch="True" condition-coverage="0% (0/2)">
                  <conditions>
                    <condition number="36" type="jump" coverage="0%" />
                  </conditions>
                </line>
                <line number="473" hits="0" branch="False" />
                <line number="474" hits="0" branch="False" />
                <line number="477" hits="0" branch="False" />
                <line number="479" hits="0" branch="False" />
                <line number="480" hits="0" branch="False" />
                <line number="481" hits="0" branch="True" condition-coverage="0% (0/2)">
                  <conditions>
                    <condition number="137" type="jump" coverage="0%" />
                  </conditions>
                </line>
                <line number="482" hits="0" branch="False" />
                <line number="483" hits="0" branch="False" />
                <line number="484" hits="0" branch="True" condition-coverage="0% (0/2)">
                  <conditions>
                    <condition number="103" type="jump" coverage="0%" />
                  </conditions>
                </line>
                <line number="485" hits="0" branch="False" />
                <line number="486" hits="0" branch="False" />
                <line number="488" hits="0" branch="False" />
                <line number="489" hits="0" branch="False" />
              </lines>
            </method>
            <method name="BestMove" signature="()" line-rate="0" branch-rate="0" complexity="8">
              <lines>
                <line number="492" hits="0" branch="False" />
                <line number="493" hits="0" branch="True" condition-coverage="0% (0/2)">
                  <conditions>
                    <condition number="12" type="jump" coverage="0%" />
                  </conditions>
                </line>
                <line number="494" hits="0" branch="False" />
                <line number="495" hits="0" branch="False" />
                <line number="498" hits="0" branch="True" condition-coverage="0% (0/2)">
                  <conditions>
                    <condition number="34" type="jump" coverage="0%" />
                  </conditions>
                </line>
                <line number="499" hits="0" branch="False" />
                <line number="500" hits="0" branch="False" />
                <line number="503" hits="0" branch="False" />
                <line number="505" hits="0" branch="False" />
                <line number="507" hits="0" branch="True" condition-coverage="0% (0/2)">
                  <conditions>
                    <condition number="71" type="jump" coverage="0%" />
                  </conditions>
                </line>
                <line number="508" hits="0" branch="False" />
                <line number="509" hits="0" branch="False" />
                <line number="510" hits="0" branch="False" />
                <line number="512" hits="0" branch="True" condition-coverage="0% (0/2)">
                  <conditions>
                    <condition number="158" type="jump" coverage="0%" />
                  </conditions>
                </line>
                <line number="513" hits="0" branch="False" />
                <line number="514" hits="0" branch="False" />
                <line number="517" hits="0" branch="False" />
                <line number="518" hits="0" branch="False" />
                <line number="520" hits="0" branch="False" />
                <line number="521" hits="0" branch="False" />
              </lines>
            </method>
            <method name="BestMove" signature="(System.Int32)" line-rate="0" branch-rate="0" complexity="8">
              <lines>
                <line number="524" hits="0" branch="False" />
                <line number="525" hits="0" branch="True" condition-coverage="0% (0/2)">
                  <conditions>
                    <condition number="12" type="jump" coverage="0%" />
                  </conditions>
                </line>
                <line number="526" hits="0" branch="False" />
                <line number="527" hits="0" branch="False" />
                <line number="530" hits="0" branch="True" condition-coverage="0% (0/2)">
                  <conditions>
                    <condition number="34" type="jump" coverage="0%" />
                  </conditions>
                </line>
                <line number="531" hits="0" branch="False" />
                <line number="532" hits="0" branch="False" />
                <line number="535" hits="0" branch="False" />
                <line number="537" hits="0" branch="False" />
                <line number="539" hits="0" branch="True" condition-coverage="0% (0/2)">
                  <conditions>
                    <condition number="71" type="jump" coverage="0%" />
                  </conditions>
                </line>
                <line number="540" hits="0" branch="False" />
                <line number="541" hits="0" branch="False" />
                <line number="542" hits="0" branch="False" />
                <line number="544" hits="0" branch="True" condition-coverage="0% (0/2)">
                  <conditions>
                    <condition number="159" type="jump" coverage="0%" />
                  </conditions>
                </line>
                <line number="545" hits="0" branch="False" />
                <line number="546" hits="0" branch="False" />
                <line number="549" hits="0" branch="False" />
                <line number="550" hits="0" branch="False" />
                <line number="552" hits="0" branch="False" />
                <line number="553" hits="0" branch="False" />
              </lines>
            </method>
            <method name="BestMove" signature="(System.TimeSpan)" line-rate="0" branch-rate="0" complexity="12">
              <lines>
                <line number="556" hits="0" branch="False" />
                <line number="557" hits="0" branch="True" condition-coverage="0% (0/2)">
                  <conditions>
                    <condition number="12" type="jump" coverage="0%" />
                  </conditions>
                </line>
                <line number="558" hits="0" branch="False" />
                <line number="559" hits="0" branch="False" />
                <line number="562" hits="0" branch="True" condition-coverage="0% (0/2)">
                  <conditions>
                    <condition number="34" type="jump" coverage="0%" />
                  </conditions>
                </line>
                <line number="563" hits="0" branch="False" />
                <line number="564" hits="0" branch="False" />
                <line number="567" hits="0" branch="False" />
                <line number="569" hits="0" branch="False" />
                <line number="571" hits="0" branch="True" condition-coverage="0% (0/2)">
                  <conditions>
                    <condition number="70" type="jump" coverage="0%" />
                  </conditions>
                </line>
                <line number="572" hits="0" branch="False" />
                <line number="573" hits="0" branch="True" condition-coverage="0% (0/2)">
                  <conditions>
                    <condition number="80" type="jump" coverage="0%" />
                  </conditions>
                </line>
                <line number="574" hits="0" branch="False" />
                <line number="576" hits="0" branch="True" condition-coverage="0% (0/2)">
                  <conditions>
                    <condition number="109" type="jump" coverage="0%" />
                  </conditions>
                </line>
                <line number="577" hits="0" branch="False" />
                <line number="578" hits="0" branch="False" />
                <line number="579" hits="0" branch="False" />
                <line number="581" hits="0" branch="True" condition-coverage="0% (0/2)">
                  <conditions>
                    <condition number="197" type="jump" coverage="0%" />
                  </conditions>
                </line>
                <line number="582" hits="0" branch="False" />
                <line number="583" hits="0" branch="False" />
                <line number="586" hits="0" branch="False" />
                <line number="587" hits="0" branch="False" />
                <line number="589" hits="0" branch="False" />
                <line number="590" hits="0" branch="False" />
              </lines>
            </method>
            <method name="Undo" signature="(System.Int32)" line-rate="0" branch-rate="0" complexity="8">
              <lines>
                <line number="593" hits="0" branch="False" />
                <line number="594" hits="0" branch="True" condition-coverage="0% (0/2)">
                  <conditions>
                    <condition number="12" type="jump" coverage="0%" />
                  </conditions>
                </line>
                <line number="595" hits="0" branch="False" />
                <line number="596" hits="0" branch="False" />
                <line number="599" hits="0" branch="True" condition-coverage="0% (0/4)">
                  <conditions>
                    <condition number="23" type="jump" coverage="0%" />
                    <condition number="44" type="jump" coverage="0%" />
                  </conditions>
                </line>
                <line number="600" hits="0" branch="False" />
                <line number="601" hits="0" branch="False" />
                <line number="604" hits="0" branch="False" />
                <line number="606" hits="0" branch="True" condition-coverage="0% (0/2)">
                  <conditions>
                    <condition number="89" type="jump" coverage="0%" />
                  </conditions>
                </line>
                <line number="607" hits="0" branch="False" />
                <line number="608" hits="0" branch="False" />
                <line number="609" hits="0" branch="False" />
                <line number="611" hits="0" branch="False" />
                <line number="612" hits="0" branch="False" />
              </lines>
            </method>
            <method name="OptionsList" signature="()" line-rate="0" branch-rate="1" complexity="1">
              <lines>
                <line number="615" hits="0" branch="False" />
                <line number="616" hits="0" branch="False" />
                <line number="617" hits="0" branch="False" />
                <line number="618" hits="0" branch="False" />
                <line number="619" hits="0" branch="False" />
                <line number="620" hits="0" branch="False" />
                <line number="621" hits="0" branch="False" />
                <line number="622" hits="0" branch="False" />
                <line number="623" hits="0" branch="False" />
              </lines>
            </method>
            <method name="OptionsGet" signature="(System.String)" line-rate="0" branch-rate="0" complexity="36">
              <lines>
                <line number="626" hits="0" branch="False" />
                <line number="627" hits="0" branch="True" condition-coverage="0% (0/2)">
                  <conditions>
                    <condition number="11" type="jump" coverage="0%" />
                  </conditions>
                </line>
                <line number="628" hits="0" branch="False" />
                <line number="629" hits="0" branch="False" />
                <line number="632" hits="0" branch="False" />
                <line number="639" hits="0" branch="True" condition-coverage="0% (0/32)">
                  <conditions>
                    <condition number="56" type="jump" coverage="0%" />
                    <condition number="65" type="jump" coverage="0%" />
                    <condition number="79" type="jump" coverage="0%" />
                    <condition number="104" type="jump" coverage="0%" />
                    <condition number="113" type="jump" coverage="0%" />
                    <condition number="138" type="jump" coverage="0%" />
                    <condition number="90" type="jump" coverage="0%" />
                    <condition number="124" type="jump" coverage="0%" />
                    <condition number="152" type="jump" coverage="0%" />
                    <condition number="171" type="jump" coverage="0%" />
                    <condition number="193" type="jump" coverage="0%" />
                    <condition number="215" type="jump" coverage="0%" />
                    <condition number="237" type="jump" coverage="0%" />
                    <condition number="259" type="jump" coverage="0%" />
                    <condition number="281" type="jump" coverage="0%" />
                    <condition number="303" type="jump" coverage="0%" />
                  </conditions>
                </line>
                <line number="642" hits="0" branch="False" />
                <line number="643" hits="0" branch="False" />
                <line number="644" hits="0" branch="False" />
                <line number="646" hits="0" branch="False" />
                <line number="647" hits="0" branch="False" />
                <line number="648" hits="0" branch="False" />
                <line number="650" hits="0" branch="False" />
                <line number="651" hits="0" branch="False" />
                <line number="652" hits="0" branch="False" />
                <line number="654" hits="0" branch="False" />
                <line number="655" hits="0" branch="False" />
                <line number="656" hits="0" branch="False" />
                <line number="658" hits="0" branch="False" />
                <line number="659" hits="0" branch="False" />
                <line number="660" hits="0" branch="False" />
                <line number="662" hits="0" branch="False" />
                <line number="663" hits="0" branch="False" />
                <line number="664" hits="0" branch="False" />
                <line number="666" hits="0" branch="False" />
                <line number="667" hits="0" branch="False" />
                <line number="668" hits="0" branch="False" />
                <line number="670" hits="0" branch="False" />
                <line number="673" hits="0" branch="True" condition-coverage="0% (0/2)">
                  <conditions>
                    <condition number="618" type="jump" coverage="0%" />
                  </conditions>
                </line>
                <line number="674" hits="0" branch="False" />
                <line number="675" hits="0" branch="False" />
                <line number="676" hits="0" branch="False" />
                <line number="678" hits="0" branch="False" />
                <line number="679" hits="0" branch="False" />
                <line number="680" hits="0" branch="False" />
                <line number="681" hits="0" branch="False" />
              </lines>
            </method>
            <method name="OptionsSet" signature="(System.String,System.String)" line-rate="0" branch-rate="0" complexity="36">
              <lines>
                <line number="684" hits="0" branch="False" />
                <line number="685" hits="0" branch="True" condition-coverage="0% (0/2)">
                  <conditions>
                    <condition number="9" type="jump" coverage="0%" />
                  </conditions>
                </line>
                <line number="686" hits="0" branch="False" />
                <line number="687" hits="0" branch="False" />
                <line number="690" hits="0" branch="False" />
                <line number="692" hits="0" branch="False" />
                <line number="693" hits="0" branch="False" />
                <line number="695" hits="0" branch="True" condition-coverage="0% (0/32)">
                  <conditions>
                    <condition number="56" type="jump" coverage="0%" />
                    <condition number="65" type="jump" coverage="0%" />
                    <condition number="79" type="jump" coverage="0%" />
                    <condition number="104" type="jump" coverage="0%" />
                    <condition number="113" type="jump" coverage="0%" />
                    <condition number="138" type="jump" coverage="0%" />
                    <condition number="90" type="jump" coverage="0%" />
                    <condition number="124" type="jump" coverage="0%" />
                    <condition number="149" type="jump" coverage="0%" />
                    <condition number="167" type="jump" coverage="0%" />
                    <condition number="185" type="jump" coverage="0%" />
                    <condition number="203" type="jump" coverage="0%" />
                    <condition number="221" type="jump" coverage="0%" />
                    <condition number="239" type="jump" coverage="0%" />
                    <condition number="257" type="jump" coverage="0%" />
                    <condition number="275" type="jump" coverage="0%" />
                  </conditions>
                </line>
                <line number="698" hits="0" branch="False" />
                <line number="699" hits="0" branch="False" />
                <line number="700" hits="0" branch="False" />
                <line number="701" hits="0" branch="False" />
                <line number="703" hits="0" branch="False" />
                <line number="704" hits="0" branch="False" />
                <line number="706" hits="0" branch="False" />
                <line number="707" hits="0" branch="False" />
                <line number="709" hits="0" branch="False" />
                <line number="710" hits="0" branch="False" />
                <line number="711" hits="0" branch="False" />
                <line number="712" hits="0" branch="False" />
                <line number="714" hits="0" branch="False" />
                <line number="715" hits="0" branch="False" />
                <line number="716" hits="0" branch="False" />
                <line number="718" hits="0" branch="False" />
                <line number="719" hits="0" branch="False" />
                <line number="720" hits="0" branch="False" />
                <line number="721" hits="0" branch="False" />
                <line number="723" hits="0" branch="False" />
                <line number="724" hits="0" branch="False" />
                <line number="725" hits="0" branch="False" />
                <line number="726" hits="0" branch="False" />
                <line number="728" hits="0" branch="False" />
                <line number="731" hits="0" branch="False" />
                <line number="733" hits="0" branch="True" condition-coverage="0% (0/2)">
                  <conditions>
                    <condition number="432" type="jump" coverage="0%" />
                  </conditions>
                </line>
                <line number="734" hits="0" branch="False" />
                <line number="735" hits="0" branch="False" />
                <line number="736" hits="0" branch="False" />
                <line number="737" hits="0" branch="False" />
              </lines>
            </method>
            <method name="Licenses" signature="()" line-rate="0" branch-rate="1" complexity="1">
              <lines>
                <line number="740" hits="0" branch="False" />
                <line number="741" hits="0" branch="False" />
                <line number="742" hits="0" branch="False" />
              </lines>
            </method>
            <method name="Perft" signature="(System.Int32)" line-rate="0" branch-rate="0" complexity="8">
              <lines>
                <line number="745" hits="0" branch="False" />
                <line number="746" hits="0" branch="True" condition-coverage="0% (0/2)">
                  <conditions>
                    <condition number="12" type="jump" coverage="0%" />
                  </conditions>
                </line>
                <line number="747" hits="0" branch="False" />
                <line number="748" hits="0" branch="False" />
                <line number="751" hits="0" branch="True" condition-coverage="0% (0/2)">
                  <conditions>
                    <condition number="27" type="jump" coverage="0%" />
                  </conditions>
                </line>
                <line number="752" hits="0" branch="False" />
                <line number="753" hits="0" branch="False" />
                <line number="756" hits="0" branch="False" />
                <line number="758" hits="0" branch="False" />
                <line number="760" hits="0" branch="True" condition-coverage="0% (0/2)">
                  <conditions>
                    <condition number="274" type="jump" coverage="0%" />
                  </conditions>
                </line>
                <line number="761" hits="0" branch="False" />
                <line number="762" hits="0" branch="False" />
                <line number="763" hits="0" branch="False" />
                <line number="764" hits="0" branch="False" />
                <line number="765" hits="0" branch="False" />
                <line number="767" hits="0" branch="True" condition-coverage="0% (0/2)">
                  <conditions>
                    <condition number="129" type="jump" coverage="0%" />
                  </conditions>
                </line>
                <line number="768" hits="0" branch="False" />
                <line number="769" hits="0" branch="False" />
                <line number="772" hits="0" branch="False" />
                <line number="773" hits="0" branch="False" />
                <line number="775" hits="0" branch="False" />
                <line number="776" hits="0" branch="False" />
              </lines>
            </method>
            <method name="StartPonder" signature="()" line-rate="0" branch-rate="0" complexity="10">
              <lines>
                <line number="779" hits="0" branch="False" />
                <line number="780" hits="0" branch="True" condition-coverage="0% (0/10)">
                  <conditions>
                    <condition number="12" type="jump" coverage="0%" />
[...]
                <line number="141" hits="0" branch="False" />
              </lines>
            </method>
            <method name="TryParseKeyName" signature="(System.String,Mzinga.Core.BugType&amp;,Mzinga.Core.AI.BugTypeWeight&amp;)" line-rate="0.6111" branch-rate="0.5" complexity="6">
              <lines>
                <line number="144" hits="67064" branch="False" />
                <line number="145" hits="67064" branch="True" condition-coverage="50% (1/2)">
                  <conditions>
                    <condition number="12" type="jump" coverage="50%" />
                  </conditions>
                </line>
                <line number="146" hits="67064" branch="False" />
                <line number="148" hits="67064" branch="False" />
                <line number="149" hits="67064" branch="False" />
                <line number="151" hits="67064" branch="True" condition-coverage="50% (1/2)">
                  <conditions>
                    <condition number="50" type="jump" coverage="50%" />
                  </conditions>
                </line>
                <line number="152" hits="67064" branch="False" />
                <line number="153" hits="67064" branch="True" condition-coverage="50% (1/2)">
                  <conditions>
                    <condition number="68" type="jump" coverage="50%" />
                  </conditions>
                </line>
                <line number="154" hits="67064" branch="False" />
                <line number="155" hits="67064" branch="False" />
                <line number="157" hits="0" branch="False" />
                <line number="158" hits="0" branch="False" />
                <line number="159" hits="0" branch="False" />
                <line number="160" hits="0" branch="False" />
                <line number="162" hits="0" branch="False" />
                <line number="163" hits="0" branch="False" />
                <line number="164" hits="0" branch="False" />
                <line number="165" hits="67064" branch="False" />
              </lines>
            </method>
            <method name="GetKeyName" signature="(Mzinga.Core.BugType,Mzinga.Core.AI.BugTypeWeight)" line-rate="0" branch-rate="1" complexity="1">
              <lines>
                <line number="168" hits="0" branch="False" />
                <line number="169" hits="0" branch="False" />
                <line number="170" hits="0" branch="False" />
              </lines>
            </method>
            <method name="IterateOverWeights" signature="(System.Action`2&lt;Mzinga.Core.BugType,Mzinga.Core.AI.BugTypeWeight&gt;)" line-rate="0" branch-rate="0" complexity="4">
              <lines>
                <line number="173" hits="0" branch="False" />
                <line number="174" hits="0" branch="True" condition-coverage="0% (0/2)">
                  <conditions>
                    <condition number="52" type="jump" coverage="0%" />
                  </conditions>
                </line>
                <line number="175" hits="0" branch="False" />
                <line number="176" hits="0" branch="False" />
                <line number="177" hits="0" branch="True" condition-coverage="0% (0/2)">
                  <conditions>
                    <condition number="37" type="jump" coverage="0%" />
                  </conditions>
                </line>
                <line number="178" hits="0" branch="False" />
                <line number="179" hits="0" branch="False" />
                <line number="181" hits="0" branch="False" />
                <line number="182" hits="0" branch="False" />
                <line number="183" hits="0" branch="False" />
                <line number="184" hits="0" branch="False" />
              </lines>
            </method>
            <method name="GetKey" signature="(Mzinga.Core.BugType,Mzinga.Core.AI.BugTypeWeight)" line-rate="1" branch-rate="1" complexity="1">
              <lines>
                <line number="187" hits="331721832" branch="False" />
                <line number="188" hits="331721832" branch="False" />
                <line number="189" hits="331721832" branch="False" />
              </lines>
            </method>
            <method name=".ctor" signature="()" line-rate="1" branch-rate="1" complexity="1">
              <lines>
                <line number="11" hits="444735" branch="False" />
                <line number="13" hits="1334205" branch="False" />
              </lines>
            </method>
          </methods>
          <lines>
            <line number="16" hits="330502288" branch="False" />
            <line number="17" hits="330502288" branch="False" />
            <line number="18" hits="330502288" branch="False" />
            <line number="19" hits="330502288" branch="False" />
            <line number="22" hits="1219544" branch="False" />
            <line number="23" hits="1219544" branch="False" />
            <line number="24" hits="1219544" branch="False" />
            <line number="25" hits="1219544" branch="False" />
            <line number="28" hits="6485" branch="False" />
            <line number="29" hits="6485" branch="False" />
            <line number="30" hits="6485" branch="False" />
            <line number="33" hits="6485" branch="False" />
            <line number="34" hits="6485" branch="False" />
            <line number="35" hits="6485" branch="False" />
            <line number="37" hits="6485" branch="False" />
            <line number="38" hits="6485" branch="False" />
            <line number="41" hits="1" branch="False" />
            <line number="42" hits="1" branch="True" condition-coverage="50% (1/2)">
              <conditions>
                <condition number="18" type="jump" coverage="50%" />
              </conditions>
            </line>
            <line number="43" hits="0" branch="False" />
            <line number="44" hits="0" branch="False" />
            <line number="47" hits="1" branch="False" />
            <line number="50" hits="1" branch="False" />
            <line number="51" hits="1" branch="False" />
            <line number="53" hits="1" branch="False" />
            <line number="54" hits="115" branch="True" condition-coverage="100% (2/2)">
              <conditions>
                <condition number="128" type="jump" coverage="100%" />
              </conditions>
            </line>
            <line number="55" hits="56" branch="False" />
            <line number="56" hits="56" branch="False" />
            <line number="57" hits="56" branch="False" />
            <line number="60" hits="114" branch="True" condition-coverage="100% (2/2)">
              <conditions>
                <condition number="192" type="jump" coverage="100%" />
              </conditions>
            </line>
            <line number="61" hits="56" branch="False" />
            <line number="62" hits="56" branch="False" />
            <line number="63" hits="56" branch="False" />
            <line number="64" hits="56" branch="False" />
            <line number="66" hits="56" branch="False" />
            <line number="67" hits="56" branch="False" />
            <line number="70" hits="114" branch="True" condition-coverage="100% (2/2)">
              <conditions>
                <condition number="251" type="jump" coverage="100%" />
              </conditions>
            </line>
            <line number="71" hits="56" branch="False" />
            <line number="72" hits="56" branch="True" condition-coverage="50% (1/2)">
              <conditions>
                <condition number="209" type="jump" coverage="50%" />
              </conditions>
            </line>
            <line number="73" hits="56" branch="False" />
            <line number="75" hits="1" branch="False" />
            <line number="76" hits="1" branch="False" />
            <line number="79" hits="433364" branch="False" />
            <line number="80" hits="49403496" branch="True" condition-coverage="100% (2/2)">
              <conditions>
                <condition number="48" type="jump" coverage="100%" />
              </conditions>
            </line>
            <line number="81" hits="24268384" branch="False" />
            <line number="82" hits="24268384" branch="False" />
            <line number="83" hits="24268384" branch="False" />
            <line number="84" hits="433364" branch="False" />
            <line number="87" hits="11760" branch="False" />
            <line number="88" hits="1340640" branch="True" condition-coverage="100% (2/2)">
              <conditions>
                <condition number="41" type="jump" coverage="100%" />
              </conditions>
            </line>
            <line number="89" hits="658560" branch="False" />
            <line number="90" hits="658560" branch="False" />
            <line number="91" hits="658560" branch="False" />
            <line number="92" hits="11760" branch="False" />
            <line number="95" hits="1616" branch="False" />
            <line number="96" hits="1616" branch="False" />
            <line number="98" hits="71912" branch="True" condition-coverage="100% (2/2)">
              <conditions>
                <condition number="112" type="jump" coverage="100%" />
              </conditions>
            </line>
            <line number="99" hits="70296" branch="False" />
            <line number="100" hits="70296" branch="True" condition-coverage="100% (4/4)">
              <conditions>
                <condition number="16" type="jump" coverage="100%" />
                <condition number="42" type="jump" coverage="100%" />
              </conditions>
            </line>
            <line number="101" hits="67064" branch="False" />
            <line number="102" hits="67064" branch="False" />
            <line number="103" hits="67064" branch="False" />
            <line number="105" hits="67064" branch="True" condition-coverage="100% (2/2)">
              <conditions>
                <condition number="73" type="jump" coverage="100%" />
              </conditions>
            </line>
            <line number="106" hits="67064" branch="False" />
            <line number="107" hits="67064" branch="False" />
            <line number="108" hits="67064" branch="False" />
            <line number="109" hits="67064" branch="False" />
            <line number="110" hits="70296" branch="False" />
            <line number="112" hits="1616" branch="False" />
            <line number="113" hits="1616" branch="False" />
            <line number="116" hits="0" branch="False" />
            <line number="117" hits="0" branch="False" />
            <line number="119" hits="0" branch="True" condition-coverage="0% (0/2)">
              <conditions>
                <condition number="54" type="jump" coverage="0%" />
              </conditions>
            </line>
            <line number="120" hits="0" branch="False" />
            <line number="121" hits="0" branch="False" />
            <line number="122" hits="0" branch="False" />
            <line number="124" hits="0" branch="False" />
            <line number="125" hits="0" branch="False" />
            <line number="126" hits="0" branch="True" condition-coverage="0% (0/4)">
              <conditions>
                <condition number="12" type="jump" coverage="0%" />
                <condition number="36" type="jump" coverage="0%" />
              </conditions>
            </line>
            <line number="127" hits="0" branch="False" />
            <line number="128" hits="0" branch="False" />
            <line number="129" hits="0" branch="False" />
            <line number="130" hits="0" branch="False" />
            <line number="131" hits="0" branch="True" condition-coverage="0% (0/2)">
              <conditions>
                <condition number="78" type="jump" coverage="0%" />
              </conditions>
            </line>
            <line number="132" hits="0" branch="False" />
            <line number="133" hits="0" branch="False" />
            <line number="134" hits="0" branch="False" />
            <line number="135" hits="0" branch="False" />
            <line number="136" hits="0" branch="False" />
            <line number="137" hits="0" branch="False" />
            <line number="138" hits="0" branch="False" />
            <line number="140" hits="0" branch="False" />
            <line number="141" hits="0" branch="False" />
            <line number="144" hits="67064" branch="False" />
            <line number="145" hits="67064" branch="True" condition-coverage="50% (1/2)">
              <conditions>
                <condition number="12" type="jump" coverage="50%" />
              </conditions>
            </line>
            <line number="146" hits="67064" branch="False" />
            <line number="148" hits="67064" branch="False" />
            <line number="149" hits="67064" branch="False" />
            <line number="151" hits="67064" branch="True" condition-coverage="50% (1/2)">
              <conditions>
                <condition number="50" type="jump" coverage="50%" />
              </conditions>
            </line>
            <line number="152" hits="67064" branch="False" />
            <line number="153" hits="67064" branch="True" condition-coverage="50% (1/2)">
              <conditions>
                <condition number="68" type="jump" coverage="50%" />
              </conditions>
            </line>
            <line number="154" hits="67064" branch="False" />
            <line number="155" hits="67064" branch="False" />
            <line number="157" hits="0" branch="False" />
            <line number="158" hits="0" branch="False" />
            <line number="159" hits="0" branch="False" />
            <line number="160" hits="0" branch="False" />
            <line number="162" hits="0" branch="False" />
            <line number="163" hits="0" branch="False" />
            <line number="164" hits="0" branch="False" />
            <line number="165" hits="67064" branch="False" />
            <line number="168" hits="0" branch="False" />
            <line number="169" hits="0" branch="False" />
            <line number="170" hits="0" branch="False" />
            <line number="173" hits="0" branch="False" />
            <line number="174" hits="0" branch="True" condition-coverage="0% (0/2)">
              <conditions>
                <condition number="52" type="jump" coverage="0%" />
              </conditions>
            </line>
            <line number="175" hits="0" branch="False" />
            <line number="176" hits="0" branch="False" />
            <line number="177" hits="0" branch="True" condition-coverage="0% (0/2)">
              <conditions>
                <condition number="37" type="jump" coverage="0%" />
              </conditions>
            </line>
            <line number="178" hits="0" branch="False" />
            <line number="179" hits="0" branch="False" />
            <line number="181" hits="0" branch="False" />
            <line number="182" hits="0" branch="False" />
            <line number="183" hits="0" branch="False" />
            <line number="184" hits="0" branch="False" />
            <line number="187" hits="331721832" branch="False" />
            <line number="188" hits="331721832" branch="False" />
            <line number="189" hits="331721832" branch="False" />
            <line number="11" hits="444735" branch="False" />
            <line number="13" hits="1334205" branch="False" />
          </lines>
        </class>
        <class name="Mzinga.Core.AI.TranspositionTable" filename="Core\AI\TranspositionTable.cs" line-rate="0.8181" branch-rate="0.5" complexity="5">
          <methods>
            <method name="GetCapacity" signature="(System.Int64)" line-rate="0.6666" branch-rate="0.5" complexity="2">
              <lines>
                <line number="13" hits="1305" branch="False" />
                <line number="14" hits="1305" branch="True" condition-coverage="50% (1/2)">
                  <conditions>
                    <condition number="11" type="jump" coverage="50%" />
                  </conditions>
                </line>
                <line number="15" hits="0" branch="False" />
                <line number="16" hits="0" branch="False" />
                <line number="19" hits="1305" branch="False" />
                <line number="20" hits="1305" branch="False" />
              </lines>
            </method>
            <method name="TranspostionTableReplaceEntryPredicate" signature="(Mzinga.Core.AI.TranspositionTableEntry,Mzinga.Core.AI.TranspositionTableEntry)" line-rate="1" branch-rate="1" complexity="1">
              <lines>
                <line number="23" hits="6892782" branch="False" />
                <line number="24" hits="6892782" branch="False" />
                <line number="25" hits="6892782" branch="False" />
              </lines>
            </method>
            <method name=".ctor" signature="(System.Int32)" line-rate="1" branch-rate="1" complexity="1">
              <lines>
                <line number="10" hits="3915" branch="False" />
              </lines>
            </method>
            <method name=".cctor" signature="()" line-rate="1" branch-rate="1" complexity="1">
              <lines>
                <line number="27" hits="1" branch="False" />
              </lines>
            </method>
          </methods>
          <lines>
            <line number="13" hits="1305" branch="False" />
            <line number="14" hits="1305" branch="True" condition-coverage="50% (1/2)">
              <conditions>
                <condition number="11" type="jump" coverage="50%" />
              </conditions>
            </line>
            <line number="15" hits="0" branch="False" />
            <line number="16" hits="0" branch="False" />
            <line number="19" hits="1305" branch="False" />
            <line number="20" hits="1305" branch="False" />
            <line number="23" hits="6892782" branch="False" />
            <line number="24" hits="6892782" branch="False" />
            <line number="25" hits="6892782" branch="False" />
            <line number="10" hits="3915" branch="False" />
            <line number="27" hits="1" branch="False" />
          </lines>
        </class>
        <class name="Mzinga.Core.AI.TranspositionTableEntry" filename="Core\AI\TranspositionTable.cs" line-rate="1" branch-rate="1" complexity="1">
          <methods>
            <method name=".cctor" signature="()" line-rate="1" branch-rate="1" complexity="1">
              <lines>
                <line number="40" hits="1" branch="False" />
                <line number="41" hits="1" branch="False" />
                <line number="42" hits="1" branch="False" />
                <line number="43" hits="1" branch="False" />
                <line number="44" hits="1" branch="False" />
                <line number="45" hits="1" branch="False" />
                <line number="46" hits="1" branch="False" />
                <line number="47" hits="1" branch="False" />
                <line number="48" hits="1" branch="False" />
                <line number="49" hits="1" branch="False" />
              </lines>
            </method>
          </methods>
          <lines>
            <line number="40" hits="1" branch="False" />
            <line number="41" hits="1" branch="False" />
            <line number="42" hits="1" branch="False" />
            <line number="43" hits="1" branch="False" />
            <line number="44" hits="1" branch="False" />
            <line number="45" hits="1" branch="False" />
            <line number="46" hits="1" branch="False" />
            <line number="47" hits="1" branch="False" />
            <line number="48" hits="1" branch="False" />
            <line number="49" hits="1" branch="False" />
          </lines>
        </class>
      </classes>
    </package>
  </packages>
</coverage>