<?xml version="1.0" encoding="utf-8"?>
<TestRun id="162c61d7-5372-46c2-9945-36587fa9ef93" name="david@DAVIDPC 2026-07-13 22:33:59" runUser="DAVIDPC\david" xmlns="http://microsoft.com/schemas/VisualStudio/TeamTest/2010">
  <Times creation="2026-07-13T22:33:59.4949630+02:00" queuing="2026-07-13T22:33:59.4949633+02:00" start="2026-07-13T22:33:57.5611967+02:00" finish="2026-07-13T22:33:59.5007341+02:00" />
  <TestSettings name="default" id="244adfc7-94c9-4679-955c-613c8e3e54f2">
    <Deployment runDeploymentRoot="david_DAVIDPC_2026-07-13_22_33_59" />
  </TestSettings>
  <Results>
    <UnitTestResult executionId="0f0dffd4-f57a-488b-b2a0-1e0472a75d37" testId="5b56eeb8-42ab-96f6-b53b-ed1a930a9ee0" testName="Mzinga.Architecture.ArchitectureTests.CoreIoRule" computerName="DAVIDPC" duration="00:00:00.0012359" startTime="2026-07-13T22:33:59.3005278+02:00" endTime="2026-07-13T22:33:59.3005823+02:00" testType="13cdc9d9-ddb5-4fa4-a97d-d965ccfc6d4b" outcome="Passed" testListId="8c84fa94-04c1-424b-9868-57a2d4851a1d" relativeResultsDirectory="0f0dffd4-f57a-488b-b2a0-1e0472a75d37" />
    <UnitTestResult executionId="bedaf548-d894-4392-865b-c80dbfb09678" testId="7904389b-b724-3d71-cc61-8ccbd312e26f" testName="Mzinga.Architecture.ArchitectureTests.TestIsolationRule" computerName="DAVIDPC" duration="00:00:00.6077726" startTime="2026-07-13T22:33:58.6656720+02:00" endTime="2026-07-13T22:33:59.2842292+02:00" testType="13cdc9d9-ddb5-4fa4-a97d-d965ccfc6d4b" outcome="Passed" testListId="8c84fa94-04c1-424b-9868-57a2d4851a1d" relativeResultsDirectory="bedaf548-d894-4392-865b-c80dbfb09678" />
    <UnitTestResult executionId="d25c24a1-cb85-4561-bb12-2f55df90e0fc" testId="29e5fa42-6672-6664-990a-c7ed2c1254f1" testName="Mzinga.Architecture.ArchitectureTests.NoCircularDependenciesRule" computerName="DAVIDPC" duration="00:00:00.0255005" startTime="2026-07-13T22:33:59.3007043+02:00" endTime="2026-07-13T22:33:59.3231915+02:00" testType="13cdc9d9-ddb5-4fa4-a97d-d965ccfc6d4b" outcome="Passed" testListId="8c84fa94-04c1-424b-9868-57a2d4851a1d" relativeResultsDirectory="d25c24a1-cb85-4561-bb12-2f55df90e0fc" />
    <UnitTestResult executionId="362da98e-8ccd-47a4-9896-1f115897aa47" testId="40b14c12-dfa6-b472-c399-13391d4f8959" testName="Mzinga.Architecture.ArchitectureTests.CoreIsolationRule" computerName="DAVIDPC" duration="00:00:00.0010760" startTime="2026-07-13T22:33:59.3234468+02:00" endTime="2026-07-13T22:33:59.3243287+02:00" testType="13cdc9d9-ddb5-4fa4-a97d-d965ccfc6d4b" outcome="Passed" testListId="8c84fa94-04c1-424b-9868-57a2d4851a1d" relativeResultsDirectory="362da98e-8ccd-47a4-9896-1f115897aa47" />
    <UnitTestResult executionId="becc63ca-cdd0-46ba-800e-1f11c25b2aa5" testId="4274eb93-6f12-10af-524b-d4c2f78475c5" testName="Mzinga.Architecture.ArchitectureTests.ExceptionHierarchyRule" computerName="DAVIDPC" duration="00:00:00.0114803" startTime="2026-07-13T22:33:59.2994954+02:00" endTime="2026-07-13T22:33:59.2996535+02:00" testType="13cdc9d9-ddb5-4fa4-a97d-d965ccfc6d4b" outcome="Passed" testListId="8c84fa94-04c1-424b-9868-57a2d4851a1d" relativeResultsDirectory="becc63ca-cdd0-46ba-800e-1f11c25b2aa5" />
    <UnitTestResult executionId="570355de-20f3-433d-b679-953d259b3e95" testId="1d7dd4c9-912a-d514-f2ef-94c5317c4cb2" testName="Mzinga.Architecture.ArchitectureTests.EngineIsolationRule" computerName="DAVIDPC" duration="00:00:00.0005885" startTime="2026-07-13T22:33:59.3245488+02:00" endTime="2026-07-13T22:33:59.3250004+02:00" testType="13cdc9d9-ddb5-4fa4-a97d-d965ccfc6d4b" outcome="Passed" testListId="8c84fa94-04c1-424b-9868-57a2d4851a1d" relativeResultsDirectory="570355de-20f3-433d-b679-953d259b3e95" />
  </Results>
  <TestDefinitions>
    <UnitTest name="Mzinga.Architecture.ArchitectureTests.TestIsolationRule" storage="c:\users\david\desktop\2026_analysis_mzinga\architecture-as-code testing\mzinga.architecture.tests\bin\debug\net10.0\mzinga.architecture.tests.dll" id="7904389b-b724-3d71-cc61-8ccbd312e26f">
      <Execution id="bedaf548-d894-4392-865b-c80dbfb09678" />
      <TestMethod codeBase="C:\Users\david\Desktop\2026_Analysis_Mzinga\Architecture-as-Code Testing\Mzinga.Architecture.Tests\bin\Debug\net10.0\Mzinga.Architecture.Tests.dll" adapterTypeName="executor://xunit/VsTestRunner3/netcore/" className="Mzinga.Architecture.ArchitectureTests" name="TestIsolationRule" />
    </UnitTest>
    <UnitTest name="Mzinga.Architecture.ArchitectureTests.EngineIsolationRule" storage="c:\users\david\desktop\2026_analysis_mzinga\architecture-as-code testing\mzinga.architecture.tests\bin\debug\net10.0\mzinga.architecture.tests.dll" id="1d7dd4c9-912a-d514-f2ef-94c5317c4cb2">
      <Execution id="570355de-20f3-433d-b679-953d259b3e95" />
      <TestMethod codeBase="C:\Users\david\Desktop\2026_Analysis_Mzinga\Architecture-as-Code Testing\Mzinga.Architecture.Tests\bin\Debug\net10.0\Mzinga.Architecture.Tests.dll" adapterTypeName="executor://xunit/VsTestRunner3/netcore/" className="Mzinga.Architecture.ArchitectureTests" name="EngineIsolationRule" />
    </UnitTest>
    <UnitTest name="Mzinga.Architecture.ArchitectureTests.ExceptionHierarchyRule" storage="c:\users\david\desktop\2026_analysis_mzinga\architecture-as-code testing\mzinga.architecture.tests\bin\debug\net10.0\mzinga.architecture.tests.dll" id="4274eb93-6f12-10af-524b-d4c2f78475c5">
      <Execution id="becc63ca-cdd0-46ba-800e-1f11c25b2aa5" />
      <TestMethod codeBase="C:\Users\david\Desktop\2026_Analysis_Mzinga\Architecture-as-Code Testing\Mzinga.Architecture.Tests\bin\Debug\net10.0\Mzinga.Architecture.Tests.dll" adapterTypeName="executor://xunit/VsTestRunner3/netcore/" className="Mzinga.Architecture.ArchitectureTests" name="ExceptionHierarchyRule" />
    </UnitTest>
    <UnitTest name="Mzinga.Architecture.ArchitectureTests.NoCircularDependenciesRule" storage="c:\users\david\desktop\2026_analysis_mzinga\architecture-as-code testing\mzinga.architecture.tests\bin\debug\net10.0\mzinga.architecture.tests.dll" id="29e5fa42-6672-6664-990a-c7ed2c1254f1">
      <Execution id="d25c24a1-cb85-4561-bb12-2f55df90e0fc" />
      <TestMethod codeBase="C:\Users\david\Desktop\2026_Analysis_Mzinga\Architecture-as-Code Testing\Mzinga.Architecture.Tests\bin\Debug\net10.0\Mzinga.Architecture.Tests.dll" adapterTypeName="executor://xunit/VsTestRunner3/netcore/" className="Mzinga.Architecture.ArchitectureTests" name="NoCircularDependenciesRule" />
    </UnitTest>
    <UnitTest name="Mzinga.Architecture.ArchitectureTests.CoreIoRule" storage="c:\users\david\desktop\2026_analysis_mzinga\architecture-as-code testing\mzinga.architecture.tests\bin\debug\net10.0\mzinga.architecture.tests.dll" id="5b56eeb8-42ab-96f6-b53b-ed1a930a9ee0">
      <Execution id="0f0dffd4-f57a-488b-b2a0-1e0472a75d37" />
      <TestMethod codeBase="C:\Users\david\Desktop\2026_Analysis_Mzinga\Architecture-as-Code Testing\Mzinga.Architecture.Tests\bin\Debug\net10.0\Mzinga.Architecture.Tests.dll" adapterTypeName="executor://xunit/VsTestRunner3/netcore/" className="Mzinga.Architecture.ArchitectureTests" name="CoreIoRule" />
    </UnitTest>
    <UnitTest name="Mzinga.Architecture.ArchitectureTests.CoreIsolationRule" storage="c:\users\david\desktop\2026_analysis_mzinga\architecture-as-code testing\mzinga.architecture.tests\bin\debug\net10.0\mzinga.architecture.tests.dll" id="40b14c12-dfa6-b472-c399-13391d4f8959">
      <Execution id="362da98e-8ccd-47a4-9896-1f115897aa47" />
      <TestMethod codeBase="C:\Users\david\Desktop\2026_Analysis_Mzinga\Architecture-as-Code Testing\Mzinga.Architecture.Tests\bin\Debug\net10.0\Mzinga.Architecture.Tests.dll" adapterTypeName="executor://xunit/VsTestRunner3/netcore/" className="Mzinga.Architecture.ArchitectureTests" name="CoreIsolationRule" />
    </UnitTest>
  </TestDefinitions>
  <TestEntries>
    <TestEntry testId="5b56eeb8-42ab-96f6-b53b-ed1a930a9ee0" executionId="0f0dffd4-f57a-488b-b2a0-1e0472a75d37" testListId="8c84fa94-04c1-424b-9868-57a2d4851a1d" />
    <TestEntry testId="7904389b-b724-3d71-cc61-8ccbd312e26f" executionId="bedaf548-d894-4392-865b-c80dbfb09678" testListId="8c84fa94-04c1-424b-9868-57a2d4851a1d" />
    <TestEntry testId="29e5fa42-6672-6664-990a-c7ed2c1254f1" executionId="d25c24a1-cb85-4561-bb12-2f55df90e0fc" testListId="8c84fa94-04c1-424b-9868-57a2d4851a1d" />
    <TestEntry testId="40b14c12-dfa6-b472-c399-13391d4f8959" executionId="362da98e-8ccd-47a4-9896-1f115897aa47" testListId="8c84fa94-04c1-424b-9868-57a2d4851a1d" />
    <TestEntry testId="4274eb93-6f12-10af-524b-d4c2f78475c5" executionId="becc63ca-cdd0-46ba-800e-1f11c25b2aa5" testListId="8c84fa94-04c1-424b-9868-57a2d4851a1d" />
    <TestEntry testId="1d7dd4c9-912a-d514-f2ef-94c5317c4cb2" executionId="570355de-20f3-433d-b679-953d259b3e95" testListId="8c84fa94-04c1-424b-9868-57a2d4851a1d" />
  </TestEntries>
  <TestLists>
    <TestList name="Results Not in a List" id="8c84fa94-04c1-424b-9868-57a2d4851a1d" />
    <TestList name="All Loaded Results" id="19431567-8539-422a-85d7-44ee4e166bda" />
  </TestLists>
  <ResultSummary outcome="Completed">
    <Counters total="6" executed="6" passed="6" failed="0" error="0" timeout="0" aborted="0" inconclusive="0" passedButRunAborted="0" notRunnable="0" notExecuted="0" disconnected="0" warning="0" completed="0" inProgress="0" pending="0" />
    <Output>
      <StdOut>[xUnit.net 00:00:00.00] xUnit.net VSTest Adapter v3.1.5+1b188a7b0a (64-bit .NET 10.0.5)&#xD;
[xUnit.net 00:00:00.16]   Discovering: Mzinga.Architecture.Tests&#xD;
[xUnit.net 00:00:00.22]   Discovered:  Mzinga.Architecture.Tests&#xD;
[xUnit.net 00:00:00.27]   Starting:    Mzinga.Architecture.Tests&#xD;
[xUnit.net 00:00:00.98]   Finished:    Mzinga.Architecture.Tests&#xD;
</StdOut>
    </Output>
  </ResultSummary>
</TestRun>